<?xml version="1.0" encoding="UTF-8"?>
<!-- Generated by org.testng.reporters.JUnitReportReporter -->
<testsuite skipped="0" hostname="MUM-45XF833" name="tests.rest.TC001_CreateIncident" tests="1" failures="0" timestamp="2022-01-30T11:34:57 IST" time="5.354" errors="0">
  <testcase name="createIncident" time="5.354" classname="tests.rest.TC001_CreateIncident"/>
  <system-out/>
</testsuite> <!-- tests.rest.TC001_CreateIncident -->
