<?xml version="1.0" encoding="UTF-8"?>
<!-- Generated by org.testng.reporters.JUnitReportReporter -->
<testsuite skipped="0" hostname="MUM-45XF833" name="tests.rest.TC001_DeleteIncident" tests="1" failures="0" timestamp="2022-01-30T11:34:57 IST" time="3.995" errors="0">
  <testcase name="deleteIncident" time="3.995" classname="tests.rest.TC001_DeleteIncident"/>
  <system-out/>
</testsuite> <!-- tests.rest.TC001_DeleteIncident -->
